<?xml version="1.0" encoding="UTF-8"?>
<!-- Generated by org.testng.reporters.JUnitXMLReporter -->
<testsuite ignored="0" hostname="LAPTOP-E4E4SHQM" failures="0" tests="11" name="Chrome" time="17.823" errors="0" timestamp="14 Feb 2023 11:17:19 GMT">
  <testcase classname="testng.TestNgFormClass" name="verifyFirstName" time="1.03"/>
  <testcase classname="testng.TestNgClass" name="verifyTermsLink" time="1.826"/>
  <testcase classname="testng.TestNgFormClass" name="verifyLastName" time="1.144"/>
  <testcase classname="testng.TestNgFormClass" name="verifyMoblieNo" time="0.546"/>
  <testcase classname="testng.TestNgFormClass" name="verifydaydropdown" time="0.904"/>
  <testcase classname="testng.TestNgFormClass" name="verifymaleRadioButton" time="0.652"/>
  <testcase classname="testng.TestNgClass" name="verifycookiespolicylink" time="7.256"/>
  <testcase classname="testng.TestNgFormClass" name="verifymonthdropdown" time="0.539"/>
  <testcase classname="testng.TestNgFormClass" name="verifypassword" time="0.481"/>
  <testcase classname="testng.TestNgClass" name="verifyprivacypolicylink" time="2.321"/>
  <testcase classname="testng.TestNgFormClass" name="verifyyeardropdown" time="0.79"/>
</testsuite> <!-- Chrome -->
