<?xml version="1.0" encoding="UTF-8"?>
<!-- Generated by org.testng.reporters.JUnitXMLReporter -->
<testsuite ignored="0" hostname="LAPTOP-E4E4SHQM" failures="0" tests="11" name="Firefox" time="21.328" errors="0" timestamp="14 Feb 2023 11:17:40 GMT">
  <testcase classname="testng.TestNgFormClass" name="verifyFirstName" time="1.195"/>
  <testcase classname="testng.TestNgClass" name="verifyTermsLink" time="1.671"/>
  <testcase classname="testng.TestNgFormClass" name="verifyLastName" time="1.657"/>
  <testcase classname="testng.TestNgClass" name="verifycookiespolicylink" time="1.785"/>
  <testcase classname="testng.TestNgFormClass" name="verifyMoblieNo" time="0.27"/>
  <testcase classname="testng.TestNgClass" name="verifyprivacypolicylink" time="0.553"/>
  <testcase classname="testng.TestNgFormClass" name="verifydaydropdown" time="0.633"/>
  <testcase classname="testng.TestNgFormClass" name="verifymaleRadioButton" time="0.743"/>
  <testcase classname="testng.TestNgFormClass" name="verifymonthdropdown" time="0.553"/>
  <testcase classname="testng.TestNgFormClass" name="verifypassword" time="0.207"/>
  <testcase classname="testng.TestNgFormClass" name="verifyyeardropdown" time="0.582"/>
</testsuite> <!-- Firefox -->
