<?xml version="1.0" encoding="UTF-8"?>
<!-- Generated by org.testng.reporters.JUnitXMLReporter -->
<testsuite ignored="0" hostname="LAPTOP-E4E4SHQM" failures="0" tests="11" name="Test" time="42.829" errors="0" timestamp="04 Feb 2023 17:45:55 GMT">
  <testcase classname="testng.TestNgFormClass" name="verifyFirstName" time="1.649"/>
  <testcase classname="testng.TestNgFormClass" name="verifyLastName" time="0.588"/>
  <testcase classname="testng.TestNgFormClass" name="verifyMoblieNo" time="0.643"/>
  <testcase classname="testng.TestNgFormClass" name="verifydaydropdown" time="0.71"/>
  <testcase classname="testng.TestNgFormClass" name="verifymaleRadioButton" time="0.555"/>
  <testcase classname="testng.TestNgFormClass" name="verifymonthdropdown" time="0.563"/>
  <testcase classname="testng.TestNgFormClass" name="verifypassword" time="0.884"/>
  <testcase classname="testng.TestNgFormClass" name="verifyyeardropdown" time="0.623"/>
  <testcase classname="testng.TestNgClass" name="verifyTermsLink" time="3.194"/>
  <testcase classname="testng.TestNgClass" name="verifycookiespolicylink" time="9.122"/>
  <testcase classname="testng.TestNgClass" name="verifyprivacypolicylink" time="3.187"/>
</testsuite> <!-- Test -->
