<?xml version="1.0" encoding="UTF-8"?>
<!-- Generated by org.testng.reporters.JUnitXMLReporter -->
<testsuite ignored="0" hostname="LAPTOP-E4E4SHQM" failures="0" tests="8" name="Default test" time="8.372" errors="0" timestamp="14 Feb 2023 10:51:48 GMT">
  <testcase classname="testng.TestNgFormClass" name="verifyFirstName" time="0.481"/>
  <testcase classname="testng.TestNgFormClass" name="verifyLastName" time="0.438"/>
  <testcase classname="testng.TestNgFormClass" name="verifyMoblieNo" time="0.38"/>
  <testcase classname="testng.TestNgFormClass" name="verifydaydropdown" time="0.36"/>
  <testcase classname="testng.TestNgFormClass" name="verifymaleRadioButton" time="0.317"/>
  <testcase classname="testng.TestNgFormClass" name="verifymonthdropdown" time="0.358"/>
  <testcase classname="testng.TestNgFormClass" name="verifypassword" time="0.374"/>
  <testcase classname="testng.TestNgFormClass" name="verifyyeardropdown" time="0.495"/>
</testsuite> <!-- Default test -->
